[PLAYLIST]
ITEM_NO=18
ITEM0 =30,0,0,0,0,\Ff3232立显\C032032偏移字符
ITEM1 =30,1,0,0,0,\Ff3232下展\C032032偏移字符
ITEM2 =30,2,0,0,0,\Ff3232上展\C032032偏移字符
ITEM3 =30,3,0,0,0,\Ff3232左展\C032032偏移字符
ITEM4 =30,4,0,0,0,\Ff3232右展\C032032偏移字符
ITEM5 =30,5,0,0,0,\Ff3232上移\C032032偏移字符
ITEM6 =30,6,0,0,0,\Ff3232下移\C032032偏移字符
ITEM7 =30,7,0,0,0,\Ff3232左移\C032032偏移字符
ITEM8 =30,8,0,0,0,\Ff3232右移\C032032偏移字符
ITEM9 =30,9,0,0,0,\Ff3232对移\C032032偏移字符
ITEM10 =30,10,0,0,0,\Ff3232中展\C032032偏移字符
ITEM11 =30,11,0,0,0,\Ff3232分展\C032032偏移字符
ITEM12 =30,12,0,0,10,\Ff3232上百叶\C032032偏移字符
ITEM13 =30,13,0,0,10,\Ff3232左百叶\C032032偏移字符
ITEM14 =30,14,0,0,0,\Ff3232对进\C032032偏移字符
ITEM15 =30,15,0,0,10,\Ff3232区域闪烁\C032032偏移字符
ITEM16 =30,16,0,0,10,\Ff3232随机\C032032偏移字符
ITEM17=30,30,0,0,0,\Fs3232\T255000000000热烈庆祝XXX同学考上上海大学1234567890